INFO-
INFO-		Unigraphics Version NX V10.0 to AutoCAD 2000
INFO-		
INFO-
INFO-		Running UGTODXF Translator .....
INFO-
INFO-		Start of Translation: Mon Mar 27 17:07:30 2017
INFO-
STATUS-		Converting C:\Users\Ready\Desktop\boss2.prt
STATUS-
SUMMARY-
SUMMARY-	Summary of Unigraphics Input Entities
SUMMARY-	For Unigraphics File: C:\Users\Ready\Desktop\boss2.prt
SUMMARY-	------------------------------------------------------------------
SUMMARY-	Entity Type					Count
SUMMARY-	------------------------------------------------------------------
SUMMARY-	Line .....................................:	19
SUMMARY-	Point ....................................:	1
SUMMARY-	Arc ......................................:	20
SUMMARY-	------------------------------------------------------------------
SUMMARY-	Total ....................................:	40
SUMMARY-	------------------------------------------------------------------
SUMMARY-
STATUS-
INFO-
INFO-		Writing File: C:\Users\Ready\Desktop\boss2.dxf
SUMMARY-	Summary of AutoCAD Output Entities
SUMMARY-	------------------------------------------------------------------
SUMMARY-	Entity Type					Count
SUMMARY-	------------------------------------------------------------------
SUMMARY-	Arc ......................................:	20
SUMMARY-	Point ....................................:	1
SUMMARY-	Line .....................................:	19
SUMMARY-	Layout ...................................:	6
SUMMARY-	------------------------------------------------------------------
SUMMARY-	Total ....................................:	46
SUMMARY-	------------------------------------------------------------------
SUMMARY-
INFO-
INFO-		End of Translation: Mon Mar 27 17:07:30 2017
INFO-		Translation CPU time: 0 m, 0 sINFO-
