INFO-
INFO-		Unigraphics Version NX V10.0 to AutoCAD 2000
INFO-		
INFO-
INFO-		Running UGTODXF Translator .....
INFO-
INFO-		Start of Translation: Mon Mar 27 16:35:08 2017
INFO-
STATUS-		Converting C:\Program Files\Siemens\NX 10.0\UGII\model1.prt
STATUS-
SUMMARY-
SUMMARY-	Summary of Unigraphics Input Entities
SUMMARY-	For Unigraphics File: C:\Program Files\Siemens\NX 10.0\UGII\model1.prt
SUMMARY-	------------------------------------------------------------------
SUMMARY-	Entity Type					Count
SUMMARY-	------------------------------------------------------------------
SUMMARY-	Line .....................................:	17
SUMMARY-	Point ....................................:	1
SUMMARY-	Arc ......................................:	14
SUMMARY-	------------------------------------------------------------------
SUMMARY-	Total ....................................:	32
SUMMARY-	------------------------------------------------------------------
SUMMARY-
STATUS-
INFO-
INFO-		Writing File: C:\Users\Ready\Desktop\boss.dxf
SUMMARY-	Summary of AutoCAD Output Entities
SUMMARY-	------------------------------------------------------------------
SUMMARY-	Entity Type					Count
SUMMARY-	------------------------------------------------------------------
SUMMARY-	Arc ......................................:	14
SUMMARY-	Point ....................................:	1
SUMMARY-	Line .....................................:	17
SUMMARY-	Layout ...................................:	6
SUMMARY-	------------------------------------------------------------------
SUMMARY-	Total ....................................:	38
SUMMARY-	------------------------------------------------------------------
SUMMARY-
INFO-
INFO-		End of Translation: Mon Mar 27 16:35:08 2017
INFO-		Translation CPU time: 0 m, 0 sINFO-
