INFO-
INFO-		Unigraphics Version NX V10.0 to AutoCAD 2004
INFO-		
INFO-
INFO-		Running UGTODXF Translator .....
INFO-
INFO-		Start of Translation: Mon Apr 03 17:16:11 2017
INFO-
STATUS-		Converting D:\Kristina\faks\4.letnik\MS\vaje\BotSene\boss3.prt
STATUS-
SUMMARY-
SUMMARY-	Summary of Unigraphics Input Entities
SUMMARY-	For Unigraphics File: D:\Kristina\faks\4.letnik\MS\vaje\BotSene\boss3.prt
SUMMARY-	------------------------------------------------------------------
SUMMARY-	Entity Type					Count
SUMMARY-	------------------------------------------------------------------
SUMMARY-	Line .....................................:	25
SUMMARY-	Point ....................................:	1
SUMMARY-	Arc ......................................:	28
SUMMARY-	------------------------------------------------------------------
SUMMARY-	Total ....................................:	54
SUMMARY-	------------------------------------------------------------------
SUMMARY-
STATUS-
INFO-
INFO-		Writing File: D:\Kristina\faks\4.letnik\MS\vaje\BotSene\boss4.dxf
SUMMARY-	Summary of AutoCAD Output Entities
SUMMARY-	------------------------------------------------------------------
SUMMARY-	Entity Type					Count
SUMMARY-	------------------------------------------------------------------
SUMMARY-	Arc ......................................:	28
SUMMARY-	Point ....................................:	1
SUMMARY-	Line .....................................:	25
SUMMARY-	Layout ...................................:	6
SUMMARY-	------------------------------------------------------------------
SUMMARY-	Total ....................................:	60
SUMMARY-	------------------------------------------------------------------
SUMMARY-
INFO-
INFO-		End of Translation: Mon Apr 03 17:16:13 2017
INFO-		Translation CPU time: 0 m, 2 sINFO-
